{
  "stats": {
    "suites": 1,
    "tests": 2,
    "passes": 2,
    "pending": 0,
    "failures": 0,
    "start": "2026-08-31T20:00:18.331Z",
    "end": "2026-08-31T20:01:16.002Z",
    "duration": 57671,
    "testsRegistered": 2,
    "passPercent": 100,
    "pendingPercent": 0,
    "other": 0,
    "hasOther": false,
    "skipped": 0,
    "hasSkipped": false
  },
  "results": [
    {
      "uuid": "bccbdf7c-dfff-4d43-9cba-bf0c6ad3c01f",
      "title": "",
      "fullFile": "cypress\\e2e\\testE2E_glowria.cy.js",
      "file": "cypress\\e2e\\testE2E_glowria.cy.js",
      "beforeHooks": [],
      "afterHooks": [],
      "tests": [],
      "suites": [
        {
          "uuid": "fb369ffd-8851-4691-abbf-4d8028e5bcef",
          "title": "Test du site web glowria",
          "fullFile": "",
          "file": "",
          "beforeHooks": [],
          "afterHooks": [],
          "tests": [
            {
              "title": "Creation de compte",
              "fullTitle": "Test du site web glowria Creation de compte",
              "timedOut": null,
              "duration": 20341,
              "state": "passed",
              "speed": "slow",
              "pass": true,
              "fail": false,
              "pending": false,
              "context": null,
              "code": "// creation dun nv compte\n_homepage.default.clickSignUp();\n_homepage.default.saisirEmail(newemail);\n_homepage.default.clickSubmit();\n//assertion du bon url pour le remplissage des champs du compte\ncy.url().should('include', '/signup');\n// remplir les champs pour le nv compte\n_signUp.default.saisirPrenom(prenom);\n_signUp.default.saisirNom(nom);\n_signUp.default.confirmerEmail(newemail);\n_signUp.default.saisirPassword(password);\n// assertion de l exigence du mdp \n_signUp.default.getmdpValid().should('be.visible');\n//remplissage des champs\n_signUp.default.saisirBirthday(date);\n_signUp.default.checknewsletterBox();\n_signUp.default.checkpartenerBox();\n_signUp.default.checklegalmentionsBox();\n_signUp.default.clicksubmitBtn();\n// assertion du bon url \ncy.url().should('eql', 'https://glowria.com/');",
              "err": {},
              "uuid": "3d9637ee-27a6-4c3c-9ea2-1ba0efdd7c19",
              "parentUUID": "fb369ffd-8851-4691-abbf-4d8028e5bcef",
              "isHook": false,
              "skipped": false
            },
            {
              "title": "Se connecter et Choisir un produit ",
              "fullTitle": "Test du site web glowria Se connecter et Choisir un produit ",
              "timedOut": null,
              "duration": 28698,
              "state": "passed",
              "speed": "slow",
              "pass": true,
              "fail": false,
              "pending": false,
              "context": null,
              "code": "_homepage.default.seConnecter(newemail, password);\n_homepage.default.clickbtn_lacheter();\n// assertion du bon url\ncy.url().should('include', '/personal/presentation/glowria');\n_achatpage.default.clickJeCraque();\ncy.url().should('include', '/order/personal/creation/');\n_orderpage.default.saisirAdresse(adresse);\n_orderpage.default.saisirPhoneNumber(phone);\n_orderpage.default.clickValider();\n// verifier la validation \ncy.url().should('include', '/validation');\n_validationpage.default.check_CGV();\n_validationpage.default.clickPayer();\n// assertion qd l environemment change\ncy.origin('https://secure.payzen.eu', () => {\n  cy.url().should('include', '/vads-payment/');\n});",
              "err": {},
              "uuid": "c64f38d7-511e-4c2b-9b9a-4a3fd51d1371",
              "parentUUID": "fb369ffd-8851-4691-abbf-4d8028e5bcef",
              "isHook": false,
              "skipped": false
            }
          ],
          "suites": [],
          "passes": [
            "3d9637ee-27a6-4c3c-9ea2-1ba0efdd7c19",
            "c64f38d7-511e-4c2b-9b9a-4a3fd51d1371"
          ],
          "failures": [],
          "pending": [],
          "skipped": [],
          "duration": 49039,
          "root": false,
          "rootEmpty": false,
          "_timeout": 2000
        }
      ],
      "passes": [],
      "failures": [],
      "pending": [],
      "skipped": [],
      "duration": 0,
      "root": true,
      "rootEmpty": true,
      "_timeout": 2000
    }
  ],
  "meta": {
    "mocha": {
      "version": "7.2.0"
    },
    "mochawesome": {
      "options": {
        "quiet": false,
        "reportFilename": "mochawesome",
        "saveHtml": false,
        "saveJson": true,
        "consoleReporter": "spec",
        "useInlineDiffs": false,
        "code": true
      },
      "version": "8.0.1"
    },
    "marge": {
      "options": {
        "reportDir": "cypress/reports/mochawesome",
        "overwrite": false,
        "html": false,
        "json": true
      },
      "version": "6.3.2"
    }
  }
}