{
  "stats": {
    "suites": 1,
    "tests": 2,
    "passes": 2,
    "pending": 0,
    "failures": 0,
    "start": "2026-08-31T19:26:45.545Z",
    "end": "2026-08-31T19:28:06.249Z",
    "duration": 80704,
    "testsRegistered": 2,
    "passPercent": 100,
    "pendingPercent": 0,
    "other": 0,
    "hasOther": false,
    "skipped": 0,
    "hasSkipped": false
  },
  "results": [
    {
      "uuid": "fe7df3e0-56ac-4c0b-a632-b1afee328b1f",
      "title": "",
      "fullFile": "cypress\\e2e\\testE2E_glowria.cy.js",
      "file": "cypress\\e2e\\testE2E_glowria.cy.js",
      "beforeHooks": [],
      "afterHooks": [],
      "tests": [],
      "suites": [
        {
          "uuid": "b9ed1f82-35f7-4a96-997b-bbfa0262de63",
          "title": "Test du site web glowria",
          "fullFile": "",
          "file": "",
          "beforeHooks": [],
          "afterHooks": [],
          "tests": [
            {
              "title": "Creation de compte",
              "fullTitle": "Test du site web glowria Creation de compte",
              "timedOut": null,
              "duration": 35686,
              "state": "passed",
              "speed": "slow",
              "pass": true,
              "fail": false,
              "pending": false,
              "context": null,
              "code": "// creation dun nv compte\n_homepage.default.clickSignUp();\n_homepage.default.saisirEmail(newemail);\n_homepage.default.clickSubmit();\n//assertion du bon url pour le remplissage des champs du compte\ncy.url().should('include', '/signup');\n// remplir les champs pour le nv compte\n_signUp.default.saisirPrenom(prenom);\n_signUp.default.saisirNom(nom);\n_signUp.default.confirmerEmail(newemail);\n_signUp.default.saisirPassword(password);\n// assertion de l exigence du mdp \n_signUp.default.getmdpValid().should('be.visible');\n//remplissage des champs\n_signUp.default.saisirBirthday(date);\n_signUp.default.checknewsletterBox();\n_signUp.default.checkpartenerBox();\n_signUp.default.checklegalmentionsBox();\n_signUp.default.clicksubmitBtn();\n// assertion du bon url \ncy.url().should('eql', 'https://glowria.com/');",
              "err": {},
              "uuid": "0945fefe-d686-46cb-a29e-ecb8edf9f85f",
              "parentUUID": "b9ed1f82-35f7-4a96-997b-bbfa0262de63",
              "isHook": false,
              "skipped": false
            },
            {
              "title": "Se connecter et Choisir un produit ",
              "fullTitle": "Test du site web glowria Se connecter et Choisir un produit ",
              "timedOut": null,
              "duration": 32712,
              "state": "passed",
              "speed": "slow",
              "pass": true,
              "fail": false,
              "pending": false,
              "context": null,
              "code": "_homepage.default.seConnecter(newemail, password);\n_homepage.default.clickbtn_lacheter();\n// assertion du bon url\ncy.url().should('include', '/personal/presentation/glowria');\n_achatpage.default.clickJeCraque();\ncy.url().should('include', '/order/personal/creation/');\n_orderpage.default.saisirAdresse(adresse);\n_orderpage.default.saisirPhoneNumber(phone);\n_orderpage.default.clickValider();\n// verifier la validation \ncy.url().should('include', '/validation');\n_validationpage.default.check_CGV();\n_validationpage.default.clickPayer();\n// assertion qd l environemment change\ncy.origin('https://secure.payzen.eu', () => {\n  cy.url().should('include', '/vads-payment/');\n});",
              "err": {},
              "uuid": "2cc9addd-5f61-45ce-95cd-7ac137d0a87b",
              "parentUUID": "b9ed1f82-35f7-4a96-997b-bbfa0262de63",
              "isHook": false,
              "skipped": false
            }
          ],
          "suites": [],
          "passes": [
            "0945fefe-d686-46cb-a29e-ecb8edf9f85f",
            "2cc9addd-5f61-45ce-95cd-7ac137d0a87b"
          ],
          "failures": [],
          "pending": [],
          "skipped": [],
          "duration": 68398,
          "root": false,
          "rootEmpty": false,
          "_timeout": 2000
        }
      ],
      "passes": [],
      "failures": [],
      "pending": [],
      "skipped": [],
      "duration": 0,
      "root": true,
      "rootEmpty": true,
      "_timeout": 2000
    }
  ],
  "meta": {
    "mocha": {
      "version": "7.2.0"
    },
    "mochawesome": {
      "options": {
        "quiet": false,
        "reportFilename": "mochawesome",
        "saveHtml": false,
        "saveJson": true,
        "consoleReporter": "spec",
        "useInlineDiffs": false,
        "code": true
      },
      "version": "8.0.1"
    },
    "marge": {
      "options": {
        "reportDir": "cypress/reports/mochawesome",
        "overwrite": false,
        "html": false,
        "json": true
      },
      "version": "6.3.2"
    }
  }
}