{
  "stats": {
    "suites": 1,
    "tests": 1,
    "passes": 0,
    "pending": 1,
    "failures": 0,
    "start": "2026-08-31T19:18:23.396Z",
    "end": "2026-08-31T19:18:56.906Z",
    "duration": 33510,
    "testsRegistered": 2,
    "passPercent": 0,
    "pendingPercent": 50,
    "other": 1,
    "hasOther": true,
    "skipped": 0,
    "hasSkipped": false
  },
  "results": [
    {
      "uuid": "a14b1d0a-b857-4d8f-8751-c93ef06e237a",
      "title": "",
      "fullFile": "cypress\\e2e\\testE2E_glowria.cy.js",
      "file": "cypress\\e2e\\testE2E_glowria.cy.js",
      "beforeHooks": [],
      "afterHooks": [],
      "tests": [],
      "suites": [
        {
          "uuid": "caf68a08-010c-4259-9c31-0cb4d69f3a7f",
          "title": "Test du site web glowria",
          "fullFile": "",
          "file": "",
          "beforeHooks": [],
          "afterHooks": [],
          "tests": [
            {
              "title": "Creation de compte",
              "fullTitle": "Test du site web glowria Creation de compte",
              "timedOut": null,
              "duration": 0,
              "state": "pending",
              "speed": null,
              "pass": false,
              "fail": false,
              "pending": true,
              "context": null,
              "code": "// creation dun nv compte\n_homepage.default.clickSignUp();\n_homepage.default.saisirEmail(newemail);\n_homepage.default.clickSubmit();\n//assertion du bon url pour le remplissage des champs du compte\ncy.url().should('include', '/signup');\n// remplir les champs pour le nv compte\n_signUp.default.saisirPrenom(prenom);\n_signUp.default.saisirNom(nom);\n_signUp.default.confirmerEmail(newemail);\n_signUp.default.saisirPassword(password);\n// assertion de l exigence du mdp \n_signUp.default.getmdpValid().should('be.visible');\n//remplissage des champs\n_signUp.default.saisirBirthday(date);\n_signUp.default.checknewsletterBox();\n_signUp.default.checkpartenerBox();\n_signUp.default.checklegalmentionsBox();\n_signUp.default.clicksubmitBtn();\n// assertion du bon url \ncy.url().should('eql', 'https://glowria.com/');",
              "err": {},
              "uuid": "a0aa5c70-8355-46cc-b3eb-9d135ad76600",
              "parentUUID": "caf68a08-010c-4259-9c31-0cb4d69f3a7f",
              "isHook": false,
              "skipped": false
            },
            {
              "title": "Se connecter et Choisir un produit ",
              "fullTitle": "Test du site web glowria Se connecter et Choisir un produit ",
              "timedOut": null,
              "duration": 23607,
              "state": "failed",
              "speed": null,
              "pass": false,
              "fail": true,
              "pending": false,
              "context": null,
              "code": "_homepage.default.seConnecter(newemail, password);\n_homepage.default.clickbtn_lacheter();\n// assertion du bon url\ncy.url().should('include', '/personal/presentation/glowria');\n_achatpage.default.clickJeCraque();\ncy.url().should('include', '/order/personal/creation/');\n_orderpage.default.saisirAdresse(adresse);\n_orderpage.default.saisirPhoneNumber(phone);\n_orderpage.default.clickValider();\n// verifier la validation \ncy.url().should('include', '/validation');\n_validationpage.default.check_CGV();\n_validationpage.default.clickPayer();\n// assertion qd l environemment change\ncy.origin('https://secure.payzen.eu', () => {\n  cy.url().should('include', '/vads-payment/');\n});",
              "err": {
                "message": "AssertionError: Timed out retrying after 4000ms: expected 'https://glowria.com/personal/presentation/glowria?_gl=1*9y411s*_up*MQ..*_ga*MTkzMTcxODM1NS4xNzg4MjAzOTI4*_ga_ZN6RGB056M*czE3ODgyMDM5MjckbzEkZzAkdDE3ODgyMDM5MjckajYwJGwwJGgw' to include '/order/personal/creation/'",
                "estack": "AssertionError: Timed out retrying after 4000ms: expected 'https://glowria.com/personal/presentation/glowria?_gl=1*9y411s*_up*MQ..*_ga*MTkzMTcxODM1NS4xNzg4MjAzOTI4*_ga_ZN6RGB056M*czE3ODgyMDM5MjckbzEkZzAkdDE3ODgyMDM5MjckajYwJGwwJGgw' to include '/order/personal/creation/'\n    at Context.eval (webpack://dm_cypress_e2e_glowria/./cypress/e2e/testE2E_glowria.cy.js:66:17)",
                "diff": null
              },
              "uuid": "063ae1fb-20bc-488f-8041-aa785b6a47a7",
              "parentUUID": "caf68a08-010c-4259-9c31-0cb4d69f3a7f",
              "isHook": false,
              "skipped": false
            }
          ],
          "suites": [],
          "passes": [],
          "failures": [
            "063ae1fb-20bc-488f-8041-aa785b6a47a7"
          ],
          "pending": [
            "a0aa5c70-8355-46cc-b3eb-9d135ad76600"
          ],
          "skipped": [],
          "duration": 23607,
          "root": false,
          "rootEmpty": false,
          "_timeout": 2000
        }
      ],
      "passes": [],
      "failures": [],
      "pending": [],
      "skipped": [],
      "duration": 0,
      "root": true,
      "rootEmpty": true,
      "_timeout": 2000
    }
  ],
  "meta": {
    "mocha": {
      "version": "7.2.0"
    },
    "mochawesome": {
      "options": {
        "quiet": false,
        "reportFilename": "mochawesome",
        "saveHtml": false,
        "saveJson": true,
        "consoleReporter": "spec",
        "useInlineDiffs": false,
        "code": true
      },
      "version": "8.0.1"
    },
    "marge": {
      "options": {
        "reportDir": "cypress/reports/mochawesome",
        "overwrite": false,
        "html": false,
        "json": true
      },
      "version": "6.3.2"
    }
  }
}