{
  "stats": {
    "suites": 1,
    "tests": 2,
    "passes": 1,
    "pending": 0,
    "failures": 1,
    "start": "2026-08-31T19:22:11.806Z",
    "end": "2026-08-31T19:23:12.754Z",
    "duration": 60948,
    "testsRegistered": 2,
    "passPercent": 50,
    "pendingPercent": 0,
    "other": 0,
    "hasOther": false,
    "skipped": 0,
    "hasSkipped": false
  },
  "results": [
    {
      "uuid": "b5537e8a-9025-4f76-9a1e-ddbb85d051b7",
      "title": "",
      "fullFile": "cypress\\e2e\\testE2E_glowria.cy.js",
      "file": "cypress\\e2e\\testE2E_glowria.cy.js",
      "beforeHooks": [],
      "afterHooks": [],
      "tests": [],
      "suites": [
        {
          "uuid": "729f5c0e-2b8e-4f5c-9c07-336fa65ae7f7",
          "title": "Test du site web glowria",
          "fullFile": "",
          "file": "",
          "beforeHooks": [],
          "afterHooks": [],
          "tests": [
            {
              "title": "Creation de compte",
              "fullTitle": "Test du site web glowria Creation de compte",
              "timedOut": null,
              "duration": 22712,
              "state": "passed",
              "speed": "slow",
              "pass": true,
              "fail": false,
              "pending": false,
              "context": null,
              "code": "// creation dun nv compte\n_homepage.default.clickSignUp();\n_homepage.default.saisirEmail(newemail);\n_homepage.default.clickSubmit();\n//assertion du bon url pour le remplissage des champs du compte\ncy.url().should('include', '/signup');\n// remplir les champs pour le nv compte\n_signUp.default.saisirPrenom(prenom);\n_signUp.default.saisirNom(nom);\n_signUp.default.confirmerEmail(newemail);\n_signUp.default.saisirPassword(password);\n// assertion de l exigence du mdp \n_signUp.default.getmdpValid().should('be.visible');\n//remplissage des champs\n_signUp.default.saisirBirthday(date);\n_signUp.default.checknewsletterBox();\n_signUp.default.checkpartenerBox();\n_signUp.default.checklegalmentionsBox();\n_signUp.default.clicksubmitBtn();\n// assertion du bon url \ncy.url().should('eql', 'https://glowria.com/');",
              "err": {},
              "uuid": "d9658994-9404-4aa2-a7ec-7163de961456",
              "parentUUID": "729f5c0e-2b8e-4f5c-9c07-336fa65ae7f7",
              "isHook": false,
              "skipped": false
            },
            {
              "title": "Se connecter et Choisir un produit ",
              "fullTitle": "Test du site web glowria Se connecter et Choisir un produit ",
              "timedOut": null,
              "duration": 29752,
              "state": "failed",
              "speed": null,
              "pass": false,
              "fail": true,
              "pending": false,
              "context": null,
              "code": "_homepage.default.seConnecter(newemail, password);\n_homepage.default.clickbtn_lacheter();\n// assertion du bon url\ncy.url().should('include', '/personal/presentation/glowria');\n_achatpage.default.clickJeCraque();\ncy.url().should('include', '/order/personal/creation/');\n_orderpage.default.saisirAdresse(adresse);\n_orderpage.default.saisirPhoneNumber(phone);\n_orderpage.default.clickValider();\n// verifier la validation \ncy.url().should('include', '/validation');\n_validationpage.default.check_CGV();\n_validationpage.default.clickPayer();\n// assertion qd l environemment change\ncy.origin('https://secure.payzen.eu', () => {\n  cy.url().should('include', '/vads-payment/');\n});",
              "err": {
                "message": "CypressError: `cy.origin()` failed to create a spec bridge to communicate with the specified origin. This can happen when you attempt to create a spec bridge to an insecure (http) frame from a secure (https) frame.\n\nCheck your Developer Tools Console for the actual error - it should be printed there.\n\nhttps://on.cypress.io/origin",
                "estack": "CypressError: `cy.origin()` failed to create a spec bridge to communicate with the specified origin. This can happen when you attempt to create a spec bridge to an insecure (http) frame from a secure (https) frame.\n\nCheck your Developer Tools Console for the actual error - it should be printed there.\n\nhttps://on.cypress.io/origin\n    at cypressErr (https://glowria.com/__cypress/runner/cypress_runner.js:77648:18)\n    at Object.errByPath (https://glowria.com/__cypress/runner/cypress_runner.js:77702:10)\n    at <unknown> (https://glowria.com/__cypress/runner/cypress_runner.js:123416:80)",
                "diff": null
              },
              "uuid": "939e3878-61b1-480f-9fa6-725e51809691",
              "parentUUID": "729f5c0e-2b8e-4f5c-9c07-336fa65ae7f7",
              "isHook": false,
              "skipped": false
            }
          ],
          "suites": [],
          "passes": [
            "d9658994-9404-4aa2-a7ec-7163de961456"
          ],
          "failures": [
            "939e3878-61b1-480f-9fa6-725e51809691"
          ],
          "pending": [],
          "skipped": [],
          "duration": 52464,
          "root": false,
          "rootEmpty": false,
          "_timeout": 2000
        }
      ],
      "passes": [],
      "failures": [],
      "pending": [],
      "skipped": [],
      "duration": 0,
      "root": true,
      "rootEmpty": true,
      "_timeout": 2000
    }
  ],
  "meta": {
    "mocha": {
      "version": "7.2.0"
    },
    "mochawesome": {
      "options": {
        "quiet": false,
        "reportFilename": "mochawesome",
        "saveHtml": false,
        "saveJson": true,
        "consoleReporter": "spec",
        "useInlineDiffs": false,
        "code": true
      },
      "version": "8.0.1"
    },
    "marge": {
      "options": {
        "reportDir": "cypress/reports/mochawesome",
        "overwrite": false,
        "html": false,
        "json": true
      },
      "version": "6.3.2"
    }
  }
}